[Wed Jul 01 2020 04:40:19 GMT-0400 (Eastern Daylight Time)] Keith Cronin <Dudley.Littel@gmail.com>
[Wed Jul 01 2020 03:15:23 GMT-0400 (Eastern Daylight Time)] Darron Larson <Devyn.Hartmann73@yahoo.com>
[Wed Jul 01 2020 03:34:54 GMT-0400 (Eastern Daylight Time)] Bette Schmitt <Austen.Murazik@yahoo.com>
[Tue Jun 30 2020 17:10:22 GMT-0400 (Eastern Daylight Time)] Wilmer Cronin <Saige_Schamberger0@yahoo.com>
[Wed Jul 01 2020 02:17:25 GMT-0400 (Eastern Daylight Time)] Jalon Johns <Krystel.Leannon18@yahoo.com>
[Tue Jun 30 2020 23:32:43 GMT-0400 (Eastern Daylight Time)] Edwardo Stracke <Gunnar.Kuphal@hotmail.com>
[Wed Jul 01 2020 07:34:48 GMT-0400 (Eastern Daylight Time)] Harmon Schuppe <Stacy_Lemke61@gmail.com>
[Wed Jul 01 2020 06:30:52 GMT-0400 (Eastern Daylight Time)] Verner Will <Hermina_Schulist@hotmail.com>
[Tue Jun 30 2020 22:42:33 GMT-0400 (Eastern Daylight Time)] Matilda Armstrong <Mose_Morissette16@hotmail.com>
[Tue Jun 30 2020 23:58:32 GMT-0400 (Eastern Daylight Time)] Brandon Johns <London.Pouros67@yahoo.com>
[Wed Jul 01 2020 02:05:57 GMT-0400 (Eastern Daylight Time)] Rosendo Beer <Patience.Willms@hotmail.com>
[Tue Jun 30 2020 18:06:00 GMT-0400 (Eastern Daylight Time)] Julia Kuhn <Watson_Rohan61@hotmail.com>
[Wed Jul 01 2020 04:35:56 GMT-0400 (Eastern Daylight Time)] Kendra Smitham <Murray.Funk30@hotmail.com>
[Wed Jul 01 2020 08:49:24 GMT-0400 (Eastern Daylight Time)] Leonard Weimann <Waylon.Tillman@gmail.com>
[Wed Jul 01 2020 02:46:41 GMT-0400 (Eastern Daylight Time)] Johan Reichert <Adella_Pfeffer67@gmail.com>
[Tue Jun 30 2020 22:02:26 GMT-0400 (Eastern Daylight Time)] Clarissa Runolfsson <Jaida.Vandervort55@yahoo.com>
[Tue Jun 30 2020 13:06:25 GMT-0400 (Eastern Daylight Time)] Patsy Hand <Maxine30@hotmail.com>
[Tue Jun 30 2020 22:30:20 GMT-0400 (Eastern Daylight Time)] Willa Daugherty <Jammie_Koch@hotmail.com>
[Wed Jul 01 2020 01:27:18 GMT-0400 (Eastern Daylight Time)] Shayne Schiller <Jerel.Jerde79@yahoo.com>
[Tue Jun 30 2020 18:22:22 GMT-0400 (Eastern Daylight Time)] Felipe Anderson <Friedrich_Rath@hotmail.com>
[Tue Jun 30 2020 23:25:51 GMT-0400 (Eastern Daylight Time)] Hector Doyle <Makenna_Turner46@yahoo.com>
[Tue Jun 30 2020 22:10:22 GMT-0400 (Eastern Daylight Time)] Aileen Feil <Ubaldo.Legros@gmail.com>
[Tue Jun 30 2020 16:47:03 GMT-0400 (Eastern Daylight Time)] Joannie Feest <Hillary_Hodkiewicz@gmail.com>
[Tue Jun 30 2020 22:42:13 GMT-0400 (Eastern Daylight Time)] Percy Cassin <Marjory65@gmail.com>
[Wed Jul 01 2020 05:20:54 GMT-0400 (Eastern Daylight Time)] Melvina Rippin <Tracey.Harber@yahoo.com>
[Wed Jul 01 2020 01:10:52 GMT-0400 (Eastern Daylight Time)] Freeda Stehr <Zack69@gmail.com>
[Wed Jul 01 2020 01:35:47 GMT-0400 (Eastern Daylight Time)] Neoma Price <Flo38@gmail.com>
[Wed Jul 01 2020 02:34:52 GMT-0400 (Eastern Daylight Time)] Jeffry Kub <Amalia_Hauck72@gmail.com>
[Tue Jun 30 2020 23:36:56 GMT-0400 (Eastern Daylight Time)] Olin Conroy <Ursula.Bashirian29@gmail.com>
[Wed Jul 01 2020 07:56:54 GMT-0400 (Eastern Daylight Time)] Abdiel Feil <Marisol.Stamm@yahoo.com>
[Tue Jun 30 2020 12:29:04 GMT-0400 (Eastern Daylight Time)] Jacinto McClure <Christy96@gmail.com>
[Wed Jul 01 2020 02:50:07 GMT-0400 (Eastern Daylight Time)] Alexie Kemmer <Ardith.Goldner@gmail.com>
[Wed Jul 01 2020 09:33:31 GMT-0400 (Eastern Daylight Time)] Jaida Reilly <Magdalena80@yahoo.com>
[Tue Jun 30 2020 16:38:39 GMT-0400 (Eastern Daylight Time)] Roxane Hauck <Oran_Mann@hotmail.com>
[Tue Jun 30 2020 21:01:39 GMT-0400 (Eastern Daylight Time)] Caterina D'Amore <Roscoe60@yahoo.com>
[Tue Jun 30 2020 17:05:21 GMT-0400 (Eastern Daylight Time)] Pansy Maggio <Stella.Tromp@yahoo.com>
[Wed Jul 01 2020 10:21:25 GMT-0400 (Eastern Daylight Time)] Richie Bode <Vergie_Medhurst@yahoo.com>
[Wed Jul 01 2020 07:25:27 GMT-0400 (Eastern Daylight Time)] Augustus Pacocha <Linda_Jakubowski@hotmail.com>
[Tue Jun 30 2020 13:13:22 GMT-0400 (Eastern Daylight Time)] Malvina Treutel <Dewitt_Baumbach48@hotmail.com>
[Tue Jun 30 2020 17:19:13 GMT-0400 (Eastern Daylight Time)] Earl Pagac <Hermina_DuBuque@gmail.com>
[Wed Jul 01 2020 09:57:37 GMT-0400 (Eastern Daylight Time)] Edgardo Turcotte <Vicenta49@yahoo.com>
[Tue Jun 30 2020 11:51:58 GMT-0400 (Eastern Daylight Time)] Madelynn Kihn <Brook_Bartoletti@hotmail.com>
[Tue Jun 30 2020 18:01:22 GMT-0400 (Eastern Daylight Time)] Lucile Hamill <Don.Reinger60@gmail.com>
[Tue Jun 30 2020 22:41:00 GMT-0400 (Eastern Daylight Time)] Jaquelin Mayert <Rosamond_Kulas62@hotmail.com>
[Tue Jun 30 2020 20:20:55 GMT-0400 (Eastern Daylight Time)] Amelie Howell <Trever78@gmail.com>
[Wed Jul 01 2020 00:41:58 GMT-0400 (Eastern Daylight Time)] Mayra Robel <Tod21@gmail.com>
[Tue Jun 30 2020 19:56:25 GMT-0400 (Eastern Daylight Time)] Hailee Bartoletti <Lexie.Glover95@yahoo.com>
[Tue Jun 30 2020 16:11:53 GMT-0400 (Eastern Daylight Time)] Carmelo Stark <Kassandra_Mills43@yahoo.com>
[Tue Jun 30 2020 14:50:51 GMT-0400 (Eastern Daylight Time)] Reggie Moen <Ryan_Armstrong@hotmail.com>
[Wed Jul 01 2020 09:53:28 GMT-0400 (Eastern Daylight Time)] Mikayla Daniel <May_Schaden@hotmail.com>
[Wed Jul 01 2020 09:47:38 GMT-0400 (Eastern Daylight Time)] Maegan Gibson <Maurine_Pfeffer61@gmail.com>
[Tue Jun 30 2020 13:00:57 GMT-0400 (Eastern Daylight Time)] Avis Streich <Alycia36@gmail.com>
[Tue Jun 30 2020 16:58:21 GMT-0400 (Eastern Daylight Time)] Randy Reynolds <Mellie18@hotmail.com>
[Wed Jul 01 2020 08:06:55 GMT-0400 (Eastern Daylight Time)] Sandrine Crooks <Renee_Jones@hotmail.com>
[Wed Jul 01 2020 06:39:41 GMT-0400 (Eastern Daylight Time)] Cole Murray <Alicia7@gmail.com>
[Wed Jul 01 2020 08:16:48 GMT-0400 (Eastern Daylight Time)] Krystel Pfeffer <Lexus_Heaney@gmail.com>
[Tue Jun 30 2020 15:08:03 GMT-0400 (Eastern Daylight Time)] Holly Rodriguez <Daniella30@gmail.com>
[Tue Jun 30 2020 22:56:17 GMT-0400 (Eastern Daylight Time)] Garnet Hahn <Domenic.Harvey@yahoo.com>
[Tue Jun 30 2020 18:07:18 GMT-0400 (Eastern Daylight Time)] Agnes Upton <Jacey_McLaughlin@yahoo.com>
[Tue Jun 30 2020 15:32:57 GMT-0400 (Eastern Daylight Time)] Grayce Howell <Nasir.Swaniawski21@hotmail.com>
[Wed Jul 01 2020 01:06:59 GMT-0400 (Eastern Daylight Time)] Kody Predovic <Jerrell_Collier12@hotmail.com>
[Tue Jun 30 2020 17:16:12 GMT-0400 (Eastern Daylight Time)] Jeff Roberts <Rosalee_Nitzsche74@yahoo.com>
[Tue Jun 30 2020 19:44:47 GMT-0400 (Eastern Daylight Time)] Lucius Schneider <Anastasia83@yahoo.com>
[Tue Jun 30 2020 18:23:34 GMT-0400 (Eastern Daylight Time)] Dalton Schoen <Juana_Daugherty@yahoo.com>
[Tue Jun 30 2020 13:12:19 GMT-0400 (Eastern Daylight Time)] Alexandria Kling <Delmer_Aufderhar@gmail.com>
[Tue Jun 30 2020 20:45:54 GMT-0400 (Eastern Daylight Time)] Justus Ferry <Katrina_Balistreri@gmail.com>
[Tue Jun 30 2020 19:31:18 GMT-0400 (Eastern Daylight Time)] Nella Murray <Elroy84@gmail.com>
[Wed Jul 01 2020 02:36:48 GMT-0400 (Eastern Daylight Time)] Rick Hand <Coralie_Pollich47@yahoo.com>
[Tue Jun 30 2020 17:13:51 GMT-0400 (Eastern Daylight Time)] Lois Jakubowski <Marcus_Lockman81@hotmail.com>
[Wed Jul 01 2020 03:08:11 GMT-0400 (Eastern Daylight Time)] Fay Batz <Cristobal25@yahoo.com>
[Tue Jun 30 2020 21:56:43 GMT-0400 (Eastern Daylight Time)] Kara Hilpert <Kaylie.Nolan@gmail.com>
[Tue Jun 30 2020 17:19:25 GMT-0400 (Eastern Daylight Time)] Berneice Barton <Garnett96@hotmail.com>
[Tue Jun 30 2020 18:30:56 GMT-0400 (Eastern Daylight Time)] Boris Powlowski <Rey83@yahoo.com>
[Tue Jun 30 2020 19:41:09 GMT-0400 (Eastern Daylight Time)] Wiley Daugherty <Evangeline64@gmail.com>
[Wed Jul 01 2020 10:32:41 GMT-0400 (Eastern Daylight Time)] Drake Greenholt <Marcelo18@gmail.com>
[Tue Jun 30 2020 23:44:48 GMT-0400 (Eastern Daylight Time)] Patience Homenick <Adan65@yahoo.com>
[Tue Jun 30 2020 15:06:14 GMT-0400 (Eastern Daylight Time)] Linnea Parisian <Marilie40@gmail.com>
[Tue Jun 30 2020 12:16:27 GMT-0400 (Eastern Daylight Time)] Norwood Bernier <Demario_Vandervort33@gmail.com>
[Wed Jul 01 2020 00:05:51 GMT-0400 (Eastern Daylight Time)] Elnora Bahringer <Cordie_Funk@gmail.com>
[Tue Jun 30 2020 12:41:14 GMT-0400 (Eastern Daylight Time)] Karlie Mitchell <Kelli.Lang@gmail.com>
[Tue Jun 30 2020 14:53:59 GMT-0400 (Eastern Daylight Time)] Regan McClure <Nathan55@gmail.com>
[Wed Jul 01 2020 08:12:53 GMT-0400 (Eastern Daylight Time)] Erica Zboncak <Alexandro27@yahoo.com>
[Wed Jul 01 2020 00:59:38 GMT-0400 (Eastern Daylight Time)] Casandra Ferry <Dina.Bayer@yahoo.com>
[Tue Jun 30 2020 20:19:18 GMT-0400 (Eastern Daylight Time)] Ruth Moen <Noemy48@hotmail.com>
[Tue Jun 30 2020 13:30:54 GMT-0400 (Eastern Daylight Time)] Adelia Olson <Alverta.Barton@hotmail.com>
[Wed Jul 01 2020 01:54:12 GMT-0400 (Eastern Daylight Time)] Shyann Heathcote <Cloyd_Leannon97@hotmail.com>
[Wed Jul 01 2020 04:54:35 GMT-0400 (Eastern Daylight Time)] Duane Waelchi <Keara.Kertzmann97@yahoo.com>
[Wed Jul 01 2020 08:25:21 GMT-0400 (Eastern Daylight Time)] Marilyne Fritsch <Sanford91@yahoo.com>
[Wed Jul 01 2020 03:21:47 GMT-0400 (Eastern Daylight Time)] Brown Ratke <Genesis36@yahoo.com>
[Tue Jun 30 2020 12:14:06 GMT-0400 (Eastern Daylight Time)] Francesca Vandervort <Leonel.Hodkiewicz98@gmail.com>
[Wed Jul 01 2020 08:11:30 GMT-0400 (Eastern Daylight Time)] Shad Barton <Rollin_Schroeder@yahoo.com>
[Wed Jul 01 2020 02:02:39 GMT-0400 (Eastern Daylight Time)] Chase Marks <Althea.Boyle@yahoo.com>
[Tue Jun 30 2020 22:55:42 GMT-0400 (Eastern Daylight Time)] Buck Stehr <Arlie29@gmail.com>
[Wed Jul 01 2020 02:05:24 GMT-0400 (Eastern Daylight Time)] Keely Reilly <Gabriel.Durgan17@hotmail.com>
[Tue Jun 30 2020 13:10:02 GMT-0400 (Eastern Daylight Time)] Okey Hayes <Roman.Funk80@yahoo.com>
[Tue Jun 30 2020 14:41:06 GMT-0400 (Eastern Daylight Time)] Angie Rempel <Julian64@yahoo.com>
[Tue Jun 30 2020 12:53:41 GMT-0400 (Eastern Daylight Time)] Kiara Kessler <Tavares_Huel@hotmail.com>
[Tue Jun 30 2020 13:12:49 GMT-0400 (Eastern Daylight Time)] Marisol Veum <Grayce70@yahoo.com>
[Tue Jun 30 2020 14:09:26 GMT-0400 (Eastern Daylight Time)] Khalid Littel <Nannie23@hotmail.com>
[Wed Jul 01 2020 05:02:34 GMT-0400 (Eastern Daylight Time)] Matteo Gusikowski <Albert_Waelchi75@yahoo.com>
